{
  "stats": {
    "suites": 1,
    "tests": 2,
    "passes": 2,
    "pending": 0,
    "failures": 0,
    "start": "2025-09-27T09:50:02.438Z",
    "end": "2025-09-27T09:50:13.721Z",
    "duration": 11283,
    "testsRegistered": 2,
    "passPercent": 100,
    "pendingPercent": 0,
    "other": 0,
    "hasOther": false,
    "skipped": 0,
    "hasSkipped": false
  },
  "results": [
    {
      "uuid": "de2e66fe-f707-4e82-88ec-56df35eea609",
      "title": "",
      "fullFile": "cypress\\e2e\\banking\\tests\\deposit_tests.cy.js",
      "file": "cypress\\e2e\\banking\\tests\\deposit_tests.cy.js",
      "beforeHooks": [],
      "afterHooks": [],
      "tests": [],
      "suites": [
        {
          "uuid": "44adb870-2b82-4aec-8233-f7695e59b59b",
          "title": "Banking project",
          "fullFile": "",
          "file": "",
          "beforeHooks": [],
          "afterHooks": [],
          "tests": [
            {
              "title": "Deposit 1 Test",
              "fullTitle": "Banking project Deposit 1 Test",
              "timedOut": null,
              "duration": 4984,
              "state": "passed",
              "speed": "fast",
              "pass": true,
              "fail": false,
              "pending": false,
              "context": null,
              "code": "loginPage.loginWithUser('Harry Potter');\ndepositPage.makeDeposit(100);\ndepositPage.verifyBalance(100);\ntransactionPage.clickTransactions();\ntransactionPage.verifyTransactionX(0, 100);\ntransactionPage.clickBack();",
              "err": {},
              "uuid": "210fadff-1a0d-4dc3-aef6-5d29c7f4633f",
              "parentUUID": "44adb870-2b82-4aec-8233-f7695e59b59b",
              "isHook": false,
              "skipped": false
            },
            {
              "title": "Deposit 3 Test",
              "fullTitle": "Banking project Deposit 3 Test",
              "timedOut": null,
              "duration": 6208,
              "state": "passed",
              "speed": "medium",
              "pass": true,
              "fail": false,
              "pending": false,
              "context": null,
              "code": "loginPage.loginWithUser('Harry Potter');\ndepositPage.makeDeposit(100);\ndepositPage.verifyBalance(100);\ndepositPage.makeDeposit(10);\ndepositPage.verifyBalance(110);\ndepositPage.makeDeposit(5);\ndepositPage.verifyBalance(115);\ntransactionPage.clickTransactions();\ntransactionPage.verifyTransactionX(0, 100);\ntransactionPage.verifyTransactionX(1, 10);\ntransactionPage.verifyTransactionX(2, 5);\ntransactionPage.clickBack();",
              "err": {},
              "uuid": "1edf4b50-951c-44d9-b664-d4cb1028a829",
              "parentUUID": "44adb870-2b82-4aec-8233-f7695e59b59b",
              "isHook": false,
              "skipped": false
            }
          ],
          "suites": [],
          "passes": [
            "210fadff-1a0d-4dc3-aef6-5d29c7f4633f",
            "1edf4b50-951c-44d9-b664-d4cb1028a829"
          ],
          "failures": [],
          "pending": [],
          "skipped": [],
          "duration": 11192,
          "root": false,
          "rootEmpty": false,
          "_timeout": 2000
        }
      ],
      "passes": [],
      "failures": [],
      "pending": [],
      "skipped": [],
      "duration": 0,
      "root": true,
      "rootEmpty": true,
      "_timeout": 2000
    }
  ],
  "meta": {
    "mocha": {
      "version": "7.2.0"
    },
    "mochawesome": {
      "options": {
        "quiet": false,
        "reportFilename": "mochawesome",
        "saveHtml": false,
        "saveJson": true,
        "consoleReporter": "spec",
        "useInlineDiffs": false,
        "code": true
      },
      "version": "7.1.4"
    },
    "marge": {
      "options": {
        "charts": true,
        "reportPageTitle": "Cypress Inline Reporter",
        "embeddedScreenshots": true,
        "inlineAssets": true,
        "overwrite": false,
        "html": false,
        "json": true,
        "reportDir": "cypress\\reports\\html\\.jsons"
      },
      "version": "6.3.0"
    }
  }
}