{
  "stats": {
    "suites": 1,
    "tests": 2,
    "passes": 2,
    "pending": 0,
    "failures": 0,
    "start": "2025-09-27T11:37:14.546Z",
    "end": "2025-09-27T11:37:17.449Z",
    "duration": 2903,
    "testsRegistered": 2,
    "passPercent": 100,
    "pendingPercent": 0,
    "other": 0,
    "hasOther": false,
    "skipped": 0,
    "hasSkipped": false
  },
  "results": [
    {
      "uuid": "37bf85ef-29e1-4851-b229-e8cfdcaae0ec",
      "title": "",
      "fullFile": "cypress\\e2e\\banking\\tests\\login_tests.cy.js",
      "file": "cypress\\e2e\\banking\\tests\\login_tests.cy.js",
      "beforeHooks": [],
      "afterHooks": [],
      "tests": [],
      "suites": [
        {
          "uuid": "36eb68ab-a473-4c2c-aeeb-301b20a3fc19",
          "title": "Banking project",
          "fullFile": "",
          "file": "",
          "beforeHooks": [],
          "afterHooks": [],
          "tests": [
            {
              "title": "Login Test",
              "fullTitle": "Banking project Login Test",
              "timedOut": null,
              "duration": 1664,
              "state": "passed",
              "speed": "fast",
              "pass": true,
              "fail": false,
              "pending": false,
              "context": null,
              "code": "loginPage.loginWithUser('Ron Weasly');\nloginPage.verifyLoggedInUser('Ron Weasly');",
              "err": {},
              "uuid": "0c9e289e-da20-4484-b635-37fcb145efa8",
              "parentUUID": "36eb68ab-a473-4c2c-aeeb-301b20a3fc19",
              "isHook": false,
              "skipped": false
            },
            {
              "title": "Logout Test",
              "fullTitle": "Banking project Logout Test",
              "timedOut": null,
              "duration": 1173,
              "state": "passed",
              "speed": "fast",
              "pass": true,
              "fail": false,
              "pending": false,
              "context": null,
              "code": "loginPage.loginWithUser('Ron Weasly');\nloginPage.clickLogout;\nloginPage.verifyUserSelect;",
              "err": {},
              "uuid": "d8cd4dc6-d7d7-49e9-acd6-876acd1448cc",
              "parentUUID": "36eb68ab-a473-4c2c-aeeb-301b20a3fc19",
              "isHook": false,
              "skipped": false
            }
          ],
          "suites": [],
          "passes": [
            "0c9e289e-da20-4484-b635-37fcb145efa8",
            "d8cd4dc6-d7d7-49e9-acd6-876acd1448cc"
          ],
          "failures": [],
          "pending": [],
          "skipped": [],
          "duration": 2837,
          "root": false,
          "rootEmpty": false,
          "_timeout": 2000
        }
      ],
      "passes": [],
      "failures": [],
      "pending": [],
      "skipped": [],
      "duration": 0,
      "root": true,
      "rootEmpty": true,
      "_timeout": 2000
    }
  ],
  "meta": {
    "mocha": {
      "version": "7.2.0"
    },
    "mochawesome": {
      "options": {
        "quiet": false,
        "reportFilename": "mochawesome",
        "saveHtml": true,
        "saveJson": true,
        "consoleReporter": "spec",
        "useInlineDiffs": false,
        "code": true
      },
      "version": "7.1.4"
    },
    "marge": {
      "options": {
        "reportDir": "reports",
        "charts": true,
        "reportPageTitle": "Mochawesome Reporter",
        "embeddedScreenshots": true,
        "inlineAssets": true,
        "saveAllAttempts": false
      },
      "version": "6.3.0"
    }
  }
}