{
  "stats": {
    "suites": 1,
    "tests": 2,
    "passes": 2,
    "pending": 0,
    "failures": 0,
    "start": "2025-09-27T08:44:22.157Z",
    "end": "2025-09-27T08:44:38.775Z",
    "duration": 16618,
    "testsRegistered": 2,
    "passPercent": 100,
    "pendingPercent": 0,
    "other": 0,
    "hasOther": false,
    "skipped": 0,
    "hasSkipped": false
  },
  "results": [
    {
      "uuid": "4d702d5d-93a9-4f3b-b656-2eecd6a8762e",
      "title": "",
      "fullFile": "cypress\\e2e\\banking\\tests\\deposit_tests.cy.js",
      "file": "cypress\\e2e\\banking\\tests\\deposit_tests.cy.js",
      "beforeHooks": [],
      "afterHooks": [],
      "tests": [],
      "suites": [
        {
          "uuid": "6c6a5ae4-af3b-44e6-9ff8-2d36999b9bda",
          "title": "Banking project",
          "fullFile": "",
          "file": "",
          "beforeHooks": [],
          "afterHooks": [],
          "tests": [
            {
              "title": "Deposit 1 Test",
              "fullTitle": "Banking project Deposit 1 Test",
              "timedOut": null,
              "duration": 10374,
              "state": "passed",
              "speed": "slow",
              "pass": true,
              "fail": false,
              "pending": false,
              "context": null,
              "code": "loginPage.loginWithUser('Harry Potter');\ndepositPage.makeDeposit(100);\ndepositPage.verifyBalance(100);\ntransactionPage.clickTransactions();\ntransactionPage.verifyTransactionX(0, 100);\ntransactionPage.clickBack();",
              "err": {},
              "uuid": "acb03704-4257-4a36-97e0-7bf8cd7a0ae3",
              "parentUUID": "6c6a5ae4-af3b-44e6-9ff8-2d36999b9bda",
              "isHook": false,
              "skipped": false
            },
            {
              "title": "Deposit 3 Test",
              "fullTitle": "Banking project Deposit 3 Test",
              "timedOut": null,
              "duration": 6138,
              "state": "passed",
              "speed": "medium",
              "pass": true,
              "fail": false,
              "pending": false,
              "context": null,
              "code": "loginPage.loginWithUser('Harry Potter');\ndepositPage.makeDeposit(100);\ndepositPage.verifyBalance(100);\ndepositPage.makeDeposit(10);\ndepositPage.verifyBalance(110);\ndepositPage.makeDeposit(5);\ndepositPage.verifyBalance(115);\ntransactionPage.clickTransactions();\ntransactionPage.verifyTransactionX(0, 100);\ntransactionPage.verifyTransactionX(1, 10);\ntransactionPage.verifyTransactionX(2, 5);\ntransactionPage.clickBack();",
              "err": {},
              "uuid": "b14ec526-2d0e-480a-8c28-49035ff53101",
              "parentUUID": "6c6a5ae4-af3b-44e6-9ff8-2d36999b9bda",
              "isHook": false,
              "skipped": false
            }
          ],
          "suites": [],
          "passes": [
            "acb03704-4257-4a36-97e0-7bf8cd7a0ae3",
            "b14ec526-2d0e-480a-8c28-49035ff53101"
          ],
          "failures": [],
          "pending": [],
          "skipped": [],
          "duration": 16512,
          "root": false,
          "rootEmpty": false,
          "_timeout": 2000
        }
      ],
      "passes": [],
      "failures": [],
      "pending": [],
      "skipped": [],
      "duration": 0,
      "root": true,
      "rootEmpty": true,
      "_timeout": 2000
    }
  ],
  "meta": {
    "mocha": {
      "version": "7.2.0"
    },
    "mochawesome": {
      "options": {
        "quiet": false,
        "reportFilename": "mochawesome",
        "saveHtml": true,
        "saveJson": true,
        "consoleReporter": "spec",
        "useInlineDiffs": false,
        "code": true
      },
      "version": "7.1.4"
    },
    "marge": {
      "options": {
        "reportDir": "reports",
        "charts": true,
        "reportPageTitle": "Mochawesome Reporter",
        "embeddedScreenshots": true,
        "inlineAssets": true,
        "saveAllAttempts": false
      },
      "version": "6.3.0"
    }
  }
}